<?xml version="1.0" encoding="UTF-8"?>
<!-- Generated by org.testng.reporters.JUnitReportReporter -->
<testsuite hostname="INBDQ2LTBL8KZ33" failures="0" tests="1" name="com.api.parallelTests.ChromeTest" time="4.232" errors="0" timestamp="2023-10-23T16:11:44 IST" skipped="0">
  <testcase classname="com.api.parallelTests.ChromeTest" name="chromeTest" time="4.232"/>
  <system-out/>
</testsuite> <!-- com.api.parallelTests.ChromeTest -->
