<?xml version="1.0" encoding="UTF-8"?>
<!-- Generated by org.testng.reporters.JUnitReportReporter -->
<testsuite hostname="INBDQ2LTBL8KZ33" failures="0" tests="1" name="com.api.parallelTests.IncognitoTest" time="4.170" errors="0" timestamp="2023-10-23T16:11:44 IST" skipped="0">
  <testcase classname="com.api.parallelTests.IncognitoTest" name="incognitoTest" time="4.170"/>
  <system-out/>
</testsuite> <!-- com.api.parallelTests.IncognitoTest -->
